<?xml version="1.0" encoding="UTF-8"?>
<testng-results skipped="0" failed="0" total="2" passed="2">
  <reporter-output>
  </reporter-output>
  <suite name="Surefire suite" duration-ms="14092" started-at="2018-05-12T10:42:03Z" finished-at="2018-05-12T10:42:17Z">
    <groups>
    </groups>
    <test name="Surefire test" duration-ms="14092" started-at="2018-05-12T10:42:03Z" finished-at="2018-05-12T10:42:17Z">
      <class name="com.master.selenium.BasicTestWD">
        <test-method status="PASS" signature="instantiateDriverObject()[pri:0, instance:com.master.selenium.BasicTestWD@880ec60]" name="instantiateDriverObject" is-config="true" duration-ms="13" started-at="2018-05-12T16:12:03Z" finished-at="2018-05-12T16:12:03Z">
          <reporter-output>
          </reporter-output>
        </test-method> <!-- instantiateDriverObject -->
        <test-method status="PASS" signature="googleCheeseExample()[pri:0, instance:com.master.selenium.BasicTestWD@880ec60]" name="googleCheeseExample" duration-ms="8739" started-at="2018-05-12T16:12:03Z" finished-at="2018-05-12T16:12:12Z">
          <reporter-output>
          </reporter-output>
        </test-method> <!-- googleCheeseExample -->
        <test-method status="PASS" signature="clearCookies()[pri:0, instance:com.master.selenium.BasicTestWD@880ec60]" name="clearCookies" is-config="true" duration-ms="516" started-at="2018-05-12T16:12:12Z" finished-at="2018-05-12T16:12:12Z">
          <reporter-output>
          </reporter-output>
        </test-method> <!-- clearCookies -->
        <test-method status="PASS" signature="googleMilkExample()[pri:0, instance:com.master.selenium.BasicTestWD@880ec60]" name="googleMilkExample" duration-ms="3956" started-at="2018-05-12T16:12:12Z" finished-at="2018-05-12T16:12:16Z">
          <reporter-output>
          </reporter-output>
        </test-method> <!-- googleMilkExample -->
        <test-method status="PASS" signature="clearCookies()[pri:0, instance:com.master.selenium.BasicTestWD@880ec60]" name="clearCookies" is-config="true" duration-ms="858" started-at="2018-05-12T16:12:16Z" finished-at="2018-05-12T16:12:17Z">
          <reporter-output>
          </reporter-output>
        </test-method> <!-- clearCookies -->
        <test-method status="PASS" signature="closeDriverObjects()[pri:0, instance:com.master.selenium.BasicTestWD@880ec60]" name="closeDriverObjects" is-config="true" duration-ms="1354" started-at="2018-05-12T16:12:17Z" finished-at="2018-05-12T16:12:18Z">
          <reporter-output>
          </reporter-output>
        </test-method> <!-- closeDriverObjects -->
      </class> <!-- com.master.selenium.BasicTestWD -->
    </test> <!-- Surefire test -->
  </suite> <!-- Surefire suite -->
</testng-results>
